[35m[1mScanning dependencies of target move_group_interface_tutorial[0m
[  6%] Built target robot_model_and_robot_state_tutorial
[ 13%] Built target planning_scene_ros_api_tutorial
[ 20%] Built target planning_scene_tutorial
[ 26%] Built target motion_planning_api_tutorial
[ 33%] Built target motion_planning_pipeline_tutorial
[ 40%] Built target ros_api_tutorial
[ 53%] Built target interactivity_utils
[35m[1mScanning dependencies of target node_test[0m
[ 56%] [32mBuilding CXX object doc/move_group_interface/CMakeFiles/move_group_interface_tutorial.dir/src/move_group_interface_tutorial.cpp.o[0m
[ 63%] Built target bag_publisher_maintain_time
[ 70%] Built target state_display_tutorial
[ 76%] Built target pick_place_tutorial
[ 90%] Built target cylinder_segment
[ 90%] Built target visualizing_collisions_tutorial
[ 93%] [32mBuilding CXX object doc/node_test/CMakeFiles/node_test.dir/src/node_test.cpp.o[0m
[100%] [32m[1mLinking CXX executable /home/earth10/ws_moveit/devel/.private/moveit_tutorials/lib/moveit_tutorials/move_group_interface_tutorial[0m
[100%] [32m[1mLinking CXX executable /home/earth10/ws_moveit/devel/.private/moveit_tutorials/lib/moveit_tutorials/node_test[0m
[100%] Built target node_test
[100%] Built target move_group_interface_tutorial
